<?xml version="1.0" encoding="UTF-8"?>
<testsuite xmlns:xsi="http://www.w3.org/2001/XMLSchema-instance" xsi:noNamespaceSchemaLocation="https://maven.apache.org/surefire/maven-surefire-plugin/xsd/surefire-test-report-3.0.xsd" version="3.0" name="com.murilodcosta.tasktrackercli.manager.TaskManagerTest" time="0.151" tests="6" errors="0" skipped="0" failures="0">
  <properties>
[...]
</properties>
  <testcase name="markMethodsShouldUpdateStatus" classname="com.murilodcosta.tasktrackercli.manager.TaskManagerTest" time="0.073">
    <system-out><![CDATA[Task added successfully (ID: 1)
]]></system-out>
  </testcase>
  <testcase name="saveAndLoadShouldPersistTasks" classname="com.murilodcosta.tasktrackercli.manager.TaskManagerTest" time="0.025">
    <system-out><![CDATA[Task added successfully (ID: 1)
]]></system-out>
  </testcase>
  <testcase name="updateTaskShouldChangeDescription" classname="com.murilodcosta.tasktrackercli.manager.TaskManagerTest" time="0.002">
    <system-out><![CDATA[Task added successfully (ID: 1)
]]></system-out>
  </testcase>
  <testcase name="deleteTaskShouldRemoveTask" classname="com.murilodcosta.tasktrackercli.manager.TaskManagerTest" time="0.002">
    <system-out><![CDATA[Task added successfully (ID: 1)
]]></system-out>
  </testcase>
  <testcase name="addTaskAndFindTaskShouldWork" classname="com.murilodcosta.tasktrackercli.manager.TaskManagerTest" time="0.003">
    <system-out><![CDATA[Task added successfully (ID: 1)
]]></system-out>
  </testcase>
  <testcase name="methodsShouldThrowForMissingId" classname="com.murilodcosta.tasktrackercli.manager.TaskManagerTest" time="0.011"/>
</testsuite>